<?xml version="1.0" encoding="UTF-8" ?>
<testsuite failures="0" time="0.004" errors="0" skipped="0" tests="4" name="org.apache.maven.plugin.nar.test.TestNarLayout20">
  <properties>
[...]
</properties>
  <testcase time="0.001" classname="org.apache.maven.plugin.nar.test.TestNarLayout20" name="testGetLayout"/>
  <testcase time="0.001" classname="org.apache.maven.plugin.nar.test.TestNarLayout20" name="testGetIncludeDirectory"/>
  <testcase time="0" classname="org.apache.maven.plugin.nar.test.TestNarLayout20" name="testGetLibDirectory"/>
  <testcase time="0" classname="org.apache.maven.plugin.nar.test.TestNarLayout20" name="testGetBinDirectory"/>
</testsuite>